2026-03-26 18:44:48,551 [INFO] ============================================================
2026-03-26 18:44:48,552 [INFO] AuroraShare 启动中...
2026-03-26 18:44:48,552 [INFO] 程序目录: D:\Users\17_liuzongyi\Desktop\gitee\file-share-vue
2026-03-26 18:44:48,552 [INFO] 配置文件: D:\Users\17_liuzongyi\Desktop\gitee\file-share-vue\backend\config.json
2026-03-26 18:44:48,553 [INFO] 上传目录: D:\file-share
2026-03-26 18:44:48,553 [INFO] 日志目录: D:\Users\17_liuzongyi\Desktop\gitee\file-share-vue\logs
2026-03-26 18:44:48,553 [INFO] 使用端口: 8001
2026-03-26 18:44:48,553 [INFO] 使用外部前端: D:\Users\17_liuzongyi\Desktop\gitee\file-share-vue\frontend
2026-03-26 18:44:48,554 [INFO] ============================================================
2026-03-26 18:44:48,554 [INFO] 启动信息:
2026-03-26 18:44:48,555 [INFO]   本地访问: http://localhost:8001
2026-03-26 18:44:48,555 [INFO]   本机IP:   http://192.168.126.89:8001
2026-03-26 18:44:48,555 [INFO]   管理页面: http://localhost:8001/docliu
2026-03-26 18:44:48,556 [INFO] ============================================================
2026-03-26 18:44:51,913 [INFO] 浏览器已自动打开
2026-03-26 18:44:55,332 [INFO] 启动 uvicorn 服务器 (端口: 8001)...
2026-03-26 19:15:10,404 [INFO] ============================================================
2026-03-26 19:15:10,405 [INFO] AuroraShare 启动中...
2026-03-26 19:15:10,405 [INFO] 程序目录: D:\Users\17_liuzongyi\Desktop\gitee\file-share-vue
2026-03-26 19:15:10,405 [INFO] 配置文件: D:\Users\17_liuzongyi\Desktop\gitee\file-share-vue\backend\config.json
2026-03-26 19:15:10,405 [INFO] 上传目录: D:\file-share
2026-03-26 19:15:10,406 [INFO] 日志目录: D:\Users\17_liuzongyi\Desktop\gitee\file-share-vue\logs
2026-03-26 19:15:10,406 [INFO] 使用端口: 8001
2026-03-26 19:15:10,407 [INFO] 使用外部前端: D:\Users\17_liuzongyi\Desktop\gitee\file-share-vue\frontend
2026-03-26 19:15:10,407 [INFO] ============================================================
2026-03-26 19:15:10,407 [INFO] 启动信息:
2026-03-26 19:15:10,407 [INFO]   本地访问: http://localhost:8001
2026-03-26 19:15:10,408 [INFO]   本机IP:   http://192.168.126.89:8001
2026-03-26 19:15:10,408 [INFO]   管理页面: http://localhost:8001/docliu
2026-03-26 19:15:10,408 [INFO] ============================================================
2026-03-26 19:17:05,338 [INFO] ============================================================
2026-03-26 19:17:05,338 [INFO] AuroraShare 启动中...
2026-03-26 19:17:05,339 [INFO] 程序目录: D:\Users\17_liuzongyi\Desktop\gitee\file-share-vue
2026-03-26 19:17:05,339 [INFO] 配置文件: D:\Users\17_liuzongyi\Desktop\gitee\file-share-vue\backend\config.json
2026-03-26 19:17:05,339 [INFO] 上传目录: D:\file-share
2026-03-26 19:17:05,339 [INFO] 日志目录: D:\Users\17_liuzongyi\Desktop\gitee\file-share-vue\logs
2026-03-26 19:17:05,339 [INFO] 使用端口: 8002
2026-03-26 19:17:05,339 [INFO] 使用外部前端: D:\Users\17_liuzongyi\Desktop\gitee\file-share-vue\frontend
2026-03-26 19:17:05,340 [INFO] ============================================================
2026-03-26 19:17:05,340 [INFO] 启动信息:
2026-03-26 19:17:05,340 [INFO]   本地访问: http://localhost:8002
2026-03-26 19:17:05,340 [INFO]   本机IP:   http://192.168.126.89:8002
2026-03-26 19:17:05,341 [INFO]   管理页面: http://localhost:8002/docliu
2026-03-26 19:17:05,341 [INFO] ============================================================
2026-03-26 19:22:14,190 [INFO] ============================================================
2026-03-26 19:22:14,190 [INFO] AuroraShare 启动中...
2026-03-26 19:22:14,190 [INFO] 程序目录: D:\Users\17_liuzongyi\Desktop\gitee\file-share-vue
2026-03-26 19:22:14,191 [INFO] 配置文件: D:\Users\17_liuzongyi\Desktop\gitee\file-share-vue\backend\config.json
2026-03-26 19:22:14,191 [INFO] 上传目录: D:\file-share
2026-03-26 19:22:14,191 [INFO] 日志目录: D:\Users\17_liuzongyi\Desktop\gitee\file-share-vue\logs
2026-03-26 19:22:14,191 [INFO] 使用端口: 8002
2026-03-26 19:22:14,192 [INFO] 使用外部前端: D:\Users\17_liuzongyi\Desktop\gitee\file-share-vue\frontend
2026-03-26 19:22:14,193 [INFO] ============================================================
2026-03-26 19:22:14,193 [INFO] 启动信息:
2026-03-26 19:22:14,193 [INFO]   本地访问: http://localhost:8002
2026-03-26 19:22:14,193 [INFO]   本机IP:   http://192.168.126.89:8002
2026-03-26 19:22:14,194 [INFO]   管理页面: http://localhost:8002/docliu
2026-03-26 19:22:14,194 [INFO] ============================================================
2026-03-26 19:23:49,112 [INFO] ============================================================
2026-03-26 19:23:49,112 [INFO] AuroraShare 启动中...
2026-03-26 19:23:49,113 [INFO] 程序目录: D:\Users\17_liuzongyi\Desktop\gitee\file-share-vue
2026-03-26 19:23:49,113 [INFO] 配置文件: D:\Users\17_liuzongyi\Desktop\gitee\file-share-vue\backend\config.json
2026-03-26 19:23:49,113 [INFO] 上传目录: D:\file-share
2026-03-26 19:23:49,113 [INFO] 日志目录: D:\Users\17_liuzongyi\Desktop\gitee\file-share-vue\logs
2026-03-26 19:23:49,114 [INFO] 使用端口: 8002
2026-03-26 19:23:49,114 [INFO] 使用外部前端: D:\Users\17_liuzongyi\Desktop\gitee\file-share-vue\frontend
2026-03-26 19:23:49,115 [INFO] ============================================================
2026-03-26 19:23:49,115 [INFO] 启动信息:
2026-03-26 19:23:49,115 [INFO]   本地访问: http://localhost:8002
2026-03-26 19:23:49,115 [INFO]   本机IP:   http://192.168.126.89:8002
2026-03-26 19:23:49,116 [INFO]   管理页面: http://localhost:8002/docliu
2026-03-26 19:23:49,116 [INFO] ============================================================
2026-03-26 19:24:55,891 [INFO] ============================================================
2026-03-26 19:24:55,891 [INFO] AuroraShare 启动中...
2026-03-26 19:24:55,892 [INFO] 程序目录: D:\Users\17_liuzongyi\Desktop\gitee\file-share-vue
2026-03-26 19:24:55,892 [INFO] 配置文件: D:\Users\17_liuzongyi\Desktop\gitee\file-share-vue\backend\config.json
2026-03-26 19:24:55,892 [INFO] 上传目录: D:\file-share
2026-03-26 19:24:55,892 [INFO] 日志目录: D:\Users\17_liuzongyi\Desktop\gitee\file-share-vue\logs
2026-03-26 19:24:55,892 [INFO] 使用端口: 8002
2026-03-26 19:24:55,893 [INFO] 使用外部前端: D:\Users\17_liuzongyi\Desktop\gitee\file-share-vue\frontend
2026-03-26 19:24:55,893 [INFO] ============================================================
2026-03-26 19:24:55,893 [INFO] 启动信息:
2026-03-26 19:24:55,894 [INFO]   本地访问: http://localhost:8002
2026-03-26 19:24:55,894 [INFO]   本机IP:   http://192.168.126.89:8002
2026-03-26 19:24:55,894 [INFO]   管理页面: http://localhost:8002/docliu
2026-03-26 19:24:55,894 [INFO] ============================================================
2026-03-26 19:28:06,394 [INFO] ============================================================
2026-03-26 19:28:06,394 [INFO] AuroraShare 启动中...
2026-03-26 19:28:06,394 [INFO] 程序目录: D:\Users\17_liuzongyi\Desktop\gitee\file-share-vue
2026-03-26 19:28:06,394 [INFO] 配置文件: D:\Users\17_liuzongyi\Desktop\gitee\file-share-vue\backend\config.json
2026-03-26 19:28:06,394 [INFO] 上传目录: D:\file-share
2026-03-26 19:28:06,394 [INFO] 日志目录: D:\Users\17_liuzongyi\Desktop\gitee\file-share-vue\logs
2026-03-26 19:28:06,394 [INFO] 使用端口: 8003
2026-03-26 19:28:06,395 [INFO] 使用外部前端: D:\Users\17_liuzongyi\Desktop\gitee\file-share-vue\frontend
2026-03-26 19:28:06,395 [INFO] ============================================================
2026-03-26 19:28:06,395 [INFO] 启动信息:
2026-03-26 19:28:06,395 [INFO]   本地访问: http://localhost:8003
2026-03-26 19:28:06,395 [INFO]   本机IP:   http://192.168.126.89:8003
2026-03-26 19:28:06,395 [INFO]   管理页面: http://localhost:8003/docliu
2026-03-26 19:28:06,395 [INFO] ============================================================
2026-03-26 19:33:59,390 [INFO] ============================================================
2026-03-26 19:33:59,390 [INFO] AuroraShare 启动中...
2026-03-26 19:33:59,390 [INFO] 程序目录: D:\Users\17_liuzongyi\Desktop\gitee\file-share-vue
2026-03-26 19:33:59,390 [INFO] 配置文件: D:\Users\17_liuzongyi\Desktop\gitee\file-share-vue\backend\config.json
2026-03-26 19:33:59,390 [INFO] 上传目录: D:\file-share
2026-03-26 19:33:59,390 [INFO] 日志目录: D:\Users\17_liuzongyi\Desktop\gitee\file-share-vue\logs
2026-03-26 19:33:59,390 [INFO] 使用端口: 8003
2026-03-26 19:33:59,391 [INFO] 使用外部前端: D:\Users\17_liuzongyi\Desktop\gitee\file-share-vue\frontend
2026-03-26 19:33:59,391 [INFO] ============================================================
2026-03-26 19:33:59,391 [INFO] 启动信息:
2026-03-26 19:33:59,391 [INFO]   本地访问: http://localhost:8003
2026-03-26 19:33:59,391 [INFO]   本机IP:   http://192.168.126.89:8003
2026-03-26 19:33:59,391 [INFO]   管理页面: http://localhost:8003/docliu
2026-03-26 19:33:59,391 [INFO] ============================================================
2026-03-26 19:37:36,509 [INFO] ============================================================
2026-03-26 19:37:36,509 [INFO] AuroraShare 启动中...
2026-03-26 19:37:36,510 [INFO] 程序目录: D:\Users\17_liuzongyi\Desktop\gitee\file-share-vue
2026-03-26 19:37:36,510 [INFO] 配置文件: D:\Users\17_liuzongyi\Desktop\gitee\file-share-vue\backend\config.json
2026-03-26 19:37:36,510 [INFO] 上传目录: D:\file-share
2026-03-26 19:37:36,510 [INFO] 日志目录: D:\Users\17_liuzongyi\Desktop\gitee\file-share-vue\logs
2026-03-26 19:37:36,510 [INFO] 使用端口: 8003
2026-03-26 19:37:36,511 [INFO] 使用外部前端: D:\Users\17_liuzongyi\Desktop\gitee\file-share-vue\frontend
2026-03-26 19:37:36,511 [INFO] ============================================================
2026-03-26 19:37:36,511 [INFO] 启动信息:
2026-03-26 19:37:36,512 [INFO]   本地访问: http://localhost:8003
2026-03-26 19:37:36,512 [INFO]   本机IP:   http://192.168.126.89:8003
2026-03-26 19:37:36,512 [INFO]   管理页面: http://localhost:8003/docliu
2026-03-26 19:37:36,512 [INFO] ============================================================
2026-03-26 19:38:13,127 [INFO] ============================================================
2026-03-26 19:38:13,127 [INFO] AuroraShare 启动中...
2026-03-26 19:38:13,127 [INFO] 程序目录: D:\Users\17_liuzongyi\Desktop\gitee\file-share-vue
2026-03-26 19:38:13,127 [INFO] 配置文件: D:\Users\17_liuzongyi\Desktop\gitee\file-share-vue\backend\config.json
2026-03-26 19:38:13,128 [INFO] 上传目录: D:\file-share
2026-03-26 19:38:13,128 [INFO] 日志目录: D:\Users\17_liuzongyi\Desktop\gitee\file-share-vue\logs
2026-03-26 19:38:13,128 [INFO] 使用端口: 8004
2026-03-26 19:38:13,128 [INFO] 使用外部前端: D:\Users\17_liuzongyi\Desktop\gitee\file-share-vue\frontend
2026-03-26 19:38:13,128 [INFO] ============================================================
2026-03-26 19:38:13,128 [INFO] 启动信息:
2026-03-26 19:38:13,128 [INFO]   本地访问: http://localhost:8004
2026-03-26 19:38:13,128 [INFO]   本机IP:   http://192.168.126.89:8004
2026-03-26 19:38:13,128 [INFO]   管理页面: http://localhost:8004/docliu
2026-03-26 19:38:13,128 [INFO] ============================================================
2026-03-26 19:38:51,957 [INFO] ============================================================
2026-03-26 19:38:51,958 [INFO] AuroraShare 启动中...
2026-03-26 19:38:51,958 [INFO] 程序目录: D:\Users\17_liuzongyi\Desktop\gitee\file-share-vue
2026-03-26 19:38:51,958 [INFO] 配置文件: D:\Users\17_liuzongyi\Desktop\gitee\file-share-vue\backend\config.json
2026-03-26 19:38:51,958 [INFO] 上传目录: D:\file-share
2026-03-26 19:38:51,958 [INFO] 日志目录: D:\Users\17_liuzongyi\Desktop\gitee\file-share-vue\logs
2026-03-26 19:38:51,958 [INFO] 使用端口: 8004
2026-03-26 19:38:51,958 [INFO] 使用外部前端: D:\Users\17_liuzongyi\Desktop\gitee\file-share-vue\frontend
2026-03-26 19:38:51,959 [INFO] ============================================================
2026-03-26 19:38:51,959 [INFO] 启动信息:
2026-03-26 19:38:51,959 [INFO]   本地访问: http://localhost:8004
2026-03-26 19:38:51,959 [INFO]   本机IP:   http://192.168.126.89:8004
2026-03-26 19:38:51,960 [INFO]   管理页面: http://localhost:8004/docliu
2026-03-26 19:38:51,960 [INFO] ============================================================
2026-03-26 19:40:08,672 [INFO] ============================================================
2026-03-26 19:40:08,672 [INFO] AuroraShare 启动中...
2026-03-26 19:40:08,672 [INFO] 程序目录: D:\Users\17_liuzongyi\Desktop\gitee\file-share-vue
2026-03-26 19:40:08,672 [INFO] 配置文件: D:\Users\17_liuzongyi\Desktop\gitee\file-share-vue\backend\config.json
2026-03-26 19:40:08,672 [INFO] 上传目录: D:\file-share
2026-03-26 19:40:08,672 [INFO] 日志目录: D:\Users\17_liuzongyi\Desktop\gitee\file-share-vue\logs
2026-03-26 19:40:08,672 [INFO] 使用端口: 8004
2026-03-26 19:40:08,673 [INFO] 使用外部前端: D:\Users\17_liuzongyi\Desktop\gitee\file-share-vue\frontend
2026-03-26 19:40:08,673 [INFO] ============================================================
2026-03-26 19:40:08,673 [INFO] 启动信息:
2026-03-26 19:40:08,673 [INFO]   本地访问: http://localhost:8004
2026-03-26 19:40:08,673 [INFO]   本机IP:   http://192.168.126.89:8004
2026-03-26 19:40:08,673 [INFO]   管理页面: http://localhost:8004/docliu
2026-03-26 19:40:08,673 [INFO] ============================================================
2026-03-26 19:41:52,903 [INFO] ============================================================
2026-03-26 19:41:52,903 [INFO] AuroraShare 启动中...
2026-03-26 19:41:52,904 [INFO] 程序目录: D:\Users\17_liuzongyi\Desktop\gitee\file-share-vue
2026-03-26 19:41:52,904 [INFO] 配置文件: D:\Users\17_liuzongyi\Desktop\gitee\file-share-vue\backend\config.json
2026-03-26 19:41:52,904 [INFO] 上传目录: D:\file-share
2026-03-26 19:41:52,904 [INFO] 日志目录: D:\Users\17_liuzongyi\Desktop\gitee\file-share-vue\logs
2026-03-26 19:41:52,904 [INFO] 使用端口: 8004
2026-03-26 19:41:52,904 [INFO] 使用外部前端: D:\Users\17_liuzongyi\Desktop\gitee\file-share-vue\frontend
2026-03-26 19:41:52,905 [INFO] ============================================================
2026-03-26 19:41:52,905 [INFO] 启动信息:
2026-03-26 19:41:52,905 [INFO]   本地访问: http://localhost:8004
2026-03-26 19:41:52,905 [INFO]   本机IP:   http://192.168.126.89:8004
2026-03-26 19:41:52,905 [INFO]   管理页面: http://localhost:8004/docliu
2026-03-26 19:41:52,905 [INFO] ============================================================
2026-03-26 20:11:17,533 [INFO] ============================================================
2026-03-26 20:11:17,534 [INFO] AuroraShare 启动中...
2026-03-26 20:11:17,534 [INFO] 程序目录: D:\Users\17_liuzongyi\Desktop\gitee\file-share-vue
2026-03-26 20:11:17,534 [INFO] 配置文件: D:\Users\17_liuzongyi\Desktop\gitee\file-share-vue\backend\config.json
2026-03-26 20:11:17,534 [INFO] 上传目录: D:\file-share
2026-03-26 20:11:17,535 [INFO] 日志目录: D:\Users\17_liuzongyi\Desktop\gitee\file-share-vue\logs
2026-03-26 20:11:17,535 [INFO] 使用端口: 8004
2026-03-26 20:11:17,535 [INFO] 使用外部前端: D:\Users\17_liuzongyi\Desktop\gitee\file-share-vue\frontend
2026-03-26 20:11:17,536 [INFO] ============================================================
2026-03-26 20:11:17,536 [INFO] 启动信息:
2026-03-26 20:11:17,537 [INFO]   本地访问: http://localhost:8004
2026-03-26 20:11:17,537 [INFO]   本机IP:   http://192.168.126.89:8004
2026-03-26 20:11:17,537 [INFO]   管理页面: http://localhost:8004/docliu
2026-03-26 20:11:17,537 [INFO] ============================================================
2026-03-26 20:19:27,437 [INFO] ============================================================
2026-03-26 20:19:27,437 [INFO] AuroraShare 启动中...
2026-03-26 20:19:27,438 [INFO] 程序目录: D:\Users\17_liuzongyi\Desktop\gitee\file-share-vue
2026-03-26 20:19:27,438 [INFO] 配置文件: D:\Users\17_liuzongyi\Desktop\gitee\file-share-vue\backend\config.json
2026-03-26 20:19:27,439 [INFO] 上传目录: D:\file-share
2026-03-26 20:19:27,439 [INFO] 日志目录: D:\Users\17_liuzongyi\Desktop\gitee\file-share-vue\logs
2026-03-26 20:19:27,439 [INFO] 使用端口: 8004
2026-03-26 20:19:27,440 [INFO] 使用外部前端: D:\Users\17_liuzongyi\Desktop\gitee\file-share-vue\frontend
2026-03-26 20:19:27,442 [INFO] ============================================================
2026-03-26 20:19:27,442 [INFO] 启动信息:
2026-03-26 20:19:27,442 [INFO]   本地访问: http://localhost:8004
2026-03-26 20:19:27,442 [INFO]   本机IP:   http://192.168.126.89:8004
2026-03-26 20:19:27,443 [INFO]   管理页面: http://localhost:8004/docliu
2026-03-26 20:19:27,443 [INFO] ============================================================
2026-03-26 20:32:41,849 [INFO] ============================================================
2026-03-26 20:32:41,850 [INFO] AuroraShare 启动中...
2026-03-26 20:32:41,850 [INFO] 程序目录: D:\Users\17_liuzongyi\Desktop\gitee\file-share-vue
2026-03-26 20:32:41,851 [INFO] 配置文件: D:\Users\17_liuzongyi\Desktop\gitee\file-share-vue\backend\config.json
2026-03-26 20:32:41,851 [INFO] 上传目录: D:\file-share
2026-03-26 20:32:41,851 [INFO] 日志目录: D:\Users\17_liuzongyi\Desktop\gitee\file-share-vue\logs
2026-03-26 20:32:41,852 [INFO] 使用端口: 8005
2026-03-26 20:32:41,853 [INFO] 使用外部前端: D:\Users\17_liuzongyi\Desktop\gitee\file-share-vue\frontend
2026-03-26 20:32:41,854 [INFO] ============================================================
2026-03-26 20:32:41,854 [INFO] 启动信息:
2026-03-26 20:32:41,854 [INFO]   本地访问: http://localhost:8005
2026-03-26 20:32:41,854 [INFO]   本机IP:   http://192.168.126.89:8005
2026-03-26 20:32:41,855 [INFO]   管理页面: http://localhost:8005/docliu
2026-03-26 20:32:41,855 [INFO] ============================================================
2026-03-26 20:34:11,298 [INFO] ============================================================
2026-03-26 20:34:11,298 [INFO] AuroraShare 启动中...
2026-03-26 20:34:11,298 [INFO] 程序目录: D:\Users\17_liuzongyi\Desktop\gitee\file-share-vue
2026-03-26 20:34:11,299 [INFO] 配置文件: D:\Users\17_liuzongyi\Desktop\gitee\file-share-vue\backend\config.json
2026-03-26 20:34:11,299 [INFO] 上传目录: D:\file-share
2026-03-26 20:34:11,299 [INFO] 日志目录: D:\Users\17_liuzongyi\Desktop\gitee\file-share-vue\logs
2026-03-26 20:34:11,299 [INFO] 使用端口: 8006
2026-03-26 20:34:11,300 [INFO] 使用外部前端: D:\Users\17_liuzongyi\Desktop\gitee\file-share-vue\frontend
2026-03-26 20:34:11,300 [INFO] ============================================================
2026-03-26 20:34:11,300 [INFO] 启动信息:
2026-03-26 20:34:11,301 [INFO]   本地访问: http://localhost:8006
2026-03-26 20:34:11,301 [INFO]   本机IP:   http://192.168.126.89:8006
2026-03-26 20:34:11,301 [INFO]   管理页面: http://localhost:8006/docliu
2026-03-26 20:34:11,301 [INFO] ============================================================
2026-03-26 20:40:49,081 [INFO] ============================================================
2026-03-26 20:40:49,082 [INFO] AuroraShare 启动中...
2026-03-26 20:40:49,083 [INFO] 程序目录: D:\Users\17_liuzongyi\Desktop\gitee\file-share-vue
2026-03-26 20:40:49,083 [INFO] 配置文件: D:\Users\17_liuzongyi\Desktop\gitee\file-share-vue\backend\config.json
2026-03-26 20:40:49,083 [INFO] 上传目录: D:\file-share
2026-03-26 20:40:49,084 [INFO] 日志目录: D:\Users\17_liuzongyi\Desktop\gitee\file-share-vue\logs
2026-03-26 20:40:49,084 [INFO] 使用端口: 8006
2026-03-26 20:40:49,085 [INFO] 使用外部前端: D:\Users\17_liuzongyi\Desktop\gitee\file-share-vue\frontend
2026-03-26 20:40:49,086 [INFO] ============================================================
2026-03-26 20:40:49,087 [INFO] 启动信息:
2026-03-26 20:40:49,087 [INFO]   本地访问: http://localhost:8006
2026-03-26 20:40:49,087 [INFO]   本机IP:   http://192.168.126.89:8006
2026-03-26 20:40:49,088 [INFO]   管理页面: http://localhost:8006/docliu
2026-03-26 20:40:49,089 [INFO] ============================================================
2026-03-26 20:52:04,033 [INFO] ============================================================
2026-03-26 20:52:04,033 [INFO] AuroraShare 启动中...
2026-03-26 20:52:04,033 [INFO] 程序目录: D:\Users\17_liuzongyi\Desktop\gitee\file-share-vue
2026-03-26 20:52:04,034 [INFO] 配置文件: D:\Users\17_liuzongyi\Desktop\gitee\file-share-vue\backend\config.json
2026-03-26 20:52:04,034 [INFO] 上传目录: D:\shared_file
2026-03-26 20:52:04,034 [INFO] 日志目录: D:\Users\17_liuzongyi\Desktop\gitee\file-share-vue\logs
2026-03-26 20:52:04,034 [INFO] 使用端口: 8006
2026-03-26 20:52:04,035 [INFO] 使用外部前端: D:\Users\17_liuzongyi\Desktop\gitee\file-share-vue\frontend
2026-03-26 20:52:04,036 [INFO] ============================================================
2026-03-26 20:52:04,036 [INFO] 启动信息:
2026-03-26 20:52:04,036 [INFO]   本地访问: http://localhost:8006
2026-03-26 20:52:04,037 [INFO]   本机IP:   http://192.168.126.89:8006
2026-03-26 20:52:04,037 [INFO]   管理页面: http://localhost:8006/docliu
2026-03-26 20:52:04,037 [INFO] ============================================================
2026-03-26 21:10:03,030 [INFO] ============================================================
2026-03-26 21:10:03,031 [INFO] AuroraShare 启动中...
2026-03-26 21:10:03,031 [INFO] 程序目录: D:\Users\17_liuzongyi\Desktop\gitee\file-share-vue
2026-03-26 21:10:03,031 [INFO] 配置文件: D:\Users\17_liuzongyi\Desktop\gitee\file-share-vue\backend\config.json
2026-03-26 21:10:03,032 [INFO] 上传目录: D:\shared_file
2026-03-26 21:10:03,032 [INFO] 日志目录: D:\Users\17_liuzongyi\Desktop\gitee\file-share-vue\logs
2026-03-26 21:10:03,032 [INFO] 使用端口: 8006
2026-03-26 21:10:03,033 [INFO] 使用外部前端: D:\Users\17_liuzongyi\Desktop\gitee\file-share-vue\frontend
2026-03-26 21:10:03,034 [INFO] ============================================================
2026-03-26 21:10:03,034 [INFO] 启动信息:
2026-03-26 21:10:03,034 [INFO]   本地访问: http://localhost:8006
2026-03-26 21:10:03,035 [INFO]   本机IP:   http://192.168.126.89:8006
2026-03-26 21:10:03,035 [INFO]   管理页面: http://localhost:8006/docliu
2026-03-26 21:10:03,035 [INFO] ============================================================
2026-03-26 21:13:10,174 [INFO] ============================================================
2026-03-26 21:13:10,174 [INFO] AuroraShare 启动中...
2026-03-26 21:13:10,175 [INFO] 程序目录: D:\Users\17_liuzongyi\Desktop\gitee\file-share-vue
2026-03-26 21:13:10,175 [INFO] 配置文件: D:\Users\17_liuzongyi\Desktop\gitee\file-share-vue\backend\config.json
2026-03-26 21:13:10,176 [INFO] 上传目录: D:\shared_file
2026-03-26 21:13:10,176 [INFO] 日志目录: D:\Users\17_liuzongyi\Desktop\gitee\file-share-vue\logs
2026-03-26 21:13:10,176 [INFO] 使用端口: 8006
2026-03-26 21:13:10,178 [INFO] 使用外部前端: D:\Users\17_liuzongyi\Desktop\gitee\file-share-vue\frontend
2026-03-26 21:13:10,179 [INFO] ============================================================
2026-03-26 21:13:10,179 [INFO] 启动信息:
2026-03-26 21:13:10,180 [INFO]   本地访问: http://localhost:8006
2026-03-26 21:13:10,180 [INFO]   本机IP:   http://192.168.126.89:8006
2026-03-26 21:13:10,180 [INFO]   管理页面: http://localhost:8006/docliu
2026-03-26 21:13:10,180 [INFO] ============================================================
2026-03-26 21:56:46,349 [INFO] ============================================================
2026-03-26 21:56:46,349 [INFO] AuroraShare 启动中...
2026-03-26 21:56:46,349 [INFO] 程序目录: D:\Users\17_liuzongyi\Desktop\gitee\file-share-vue
2026-03-26 21:56:46,350 [INFO] 配置文件: D:\Users\17_liuzongyi\Desktop\gitee\file-share-vue\backend\config.json
2026-03-26 21:56:46,350 [INFO] 上传目录: D:\shared_file
2026-03-26 21:56:46,350 [INFO] 日志目录: D:\Users\17_liuzongyi\Desktop\gitee\file-share-vue\logs
2026-03-26 21:56:46,351 [INFO] 使用端口: 8006
2026-03-26 21:56:46,351 [INFO] 使用外部前端: D:\Users\17_liuzongyi\Desktop\gitee\file-share-vue\frontend
2026-03-26 21:56:46,352 [INFO] ============================================================
2026-03-26 21:56:46,352 [INFO] 启动信息:
2026-03-26 21:56:46,352 [INFO]   本地访问: http://localhost:8006
2026-03-26 21:56:46,352 [INFO]   本机IP:   http://192.168.126.89:8006
2026-03-26 21:56:46,352 [INFO]   管理页面: http://localhost:8006/docliu
2026-03-26 21:56:46,352 [INFO] ============================================================
2026-03-26 22:00:48,391 [INFO] ============================================================
2026-03-26 22:00:48,391 [INFO] AuroraShare 启动中...
2026-03-26 22:00:48,391 [INFO] 程序目录: D:\Users\17_liuzongyi\Desktop\gitee\file-share-vue
2026-03-26 22:00:48,391 [INFO] 配置文件: D:\Users\17_liuzongyi\Desktop\gitee\file-share-vue\backend\config.json
2026-03-26 22:00:48,391 [INFO] 上传目录: D:\shared_file
2026-03-26 22:00:48,392 [INFO] 日志目录: D:\Users\17_liuzongyi\Desktop\gitee\file-share-vue\logs
2026-03-26 22:00:48,392 [INFO] 使用端口: 8006
2026-03-26 22:00:48,393 [INFO] 使用外部前端: D:\Users\17_liuzongyi\Desktop\gitee\file-share-vue\frontend
2026-03-26 22:00:48,393 [INFO] ============================================================
2026-03-26 22:00:48,394 [INFO] 启动信息:
2026-03-26 22:00:48,394 [INFO]   本地访问: http://localhost:8006
2026-03-26 22:00:48,394 [INFO]   本机IP:   http://192.168.126.89:8006
2026-03-26 22:00:48,394 [INFO]   管理页面: http://localhost:8006/docliu
2026-03-26 22:00:48,394 [INFO] ============================================================
2026-03-26 22:04:18,310 [INFO] ============================================================
2026-03-26 22:04:18,312 [INFO] AuroraShare 启动中...
2026-03-26 22:04:18,312 [INFO] 程序目录: D:\Users\17_liuzongyi\Desktop\gitee\file-share-vue
2026-03-26 22:04:18,312 [INFO] 配置文件: D:\Users\17_liuzongyi\Desktop\gitee\file-share-vue\backend\config.json
2026-03-26 22:04:18,312 [INFO] 上传目录: D:\shared_file
2026-03-26 22:04:18,313 [INFO] 日志目录: D:\Users\17_liuzongyi\Desktop\gitee\file-share-vue\logs
2026-03-26 22:04:18,313 [INFO] 使用端口: 8006
2026-03-26 22:04:18,313 [INFO] 使用外部前端: D:\Users\17_liuzongyi\Desktop\gitee\file-share-vue\frontend
2026-03-26 22:04:18,314 [INFO] ============================================================
2026-03-26 22:04:18,314 [INFO] 启动信息:
2026-03-26 22:04:18,314 [INFO]   本地访问: http://localhost:8006
2026-03-26 22:04:18,314 [INFO]   本机IP:   http://192.168.126.89:8006
2026-03-26 22:04:18,314 [INFO]   管理页面: http://localhost:8006/docliu
2026-03-26 22:04:18,315 [INFO] ============================================================
2026-03-26 22:37:59,764 [INFO] ============================================================
2026-03-26 22:37:59,797 [INFO] AuroraShare 启动中...
2026-03-26 22:37:59,798 [INFO] 程序目录: D:\Users\17_liuzongyi\Desktop\gitee\file-share-vue
2026-03-26 22:37:59,800 [INFO] 配置文件: D:\Users\17_liuzongyi\Desktop\gitee\file-share-vue\backend\config.json
2026-03-26 22:37:59,803 [INFO] 上传目录: D:\shared_file
2026-03-26 22:37:59,811 [INFO] 日志目录: D:\Users\17_liuzongyi\Desktop\gitee\file-share-vue\logs
2026-03-26 22:37:59,814 [INFO] 使用端口: 8007
2026-03-26 22:37:59,825 [INFO] 使用外部前端: D:\Users\17_liuzongyi\Desktop\gitee\file-share-vue\frontend
2026-03-26 22:37:59,827 [INFO] ============================================================
2026-03-26 22:37:59,828 [INFO] 启动信息:
2026-03-26 22:37:59,828 [INFO]   本地访问: http://localhost:8007
2026-03-26 22:37:59,828 [INFO]   本机IP:   http://192.168.126.89:8007
2026-03-26 22:37:59,828 [INFO]   管理页面: http://localhost:8007/docliu
2026-03-26 22:37:59,829 [INFO] ============================================================
2026-03-26 22:42:24,900 [INFO] ============================================================
2026-03-26 22:42:24,901 [INFO] AuroraShare 启动中...
2026-03-26 22:42:24,901 [INFO] 程序目录: D:\Users\17_liuzongyi\Desktop\gitee\file-share-vue
2026-03-26 22:42:24,901 [INFO] 配置文件: D:\Users\17_liuzongyi\Desktop\gitee\file-share-vue\backend\config.json
2026-03-26 22:42:24,902 [INFO] 上传目录: D:\shared_file
2026-03-26 22:42:24,902 [INFO] 日志目录: D:\Users\17_liuzongyi\Desktop\gitee\file-share-vue\logs
2026-03-26 22:42:24,902 [INFO] 使用端口: 8007
2026-03-26 22:42:24,903 [INFO] 使用外部前端: D:\Users\17_liuzongyi\Desktop\gitee\file-share-vue\frontend
2026-03-26 22:42:24,903 [INFO] ============================================================
2026-03-26 22:42:24,903 [INFO] 启动信息:
2026-03-26 22:42:24,904 [INFO]   本地访问: http://localhost:8007
2026-03-26 22:42:24,904 [INFO]   本机IP:   http://192.168.126.89:8007
2026-03-26 22:42:24,904 [INFO]   管理页面: http://localhost:8007/docliu
2026-03-26 22:42:24,904 [INFO] ============================================================
2026-03-26 22:49:07,939 [INFO] ============================================================
2026-03-26 22:49:07,940 [INFO] AuroraShare 启动中...
2026-03-26 22:49:07,940 [INFO] 程序目录: D:\Users\17_liuzongyi\Desktop\gitee\file-share-vue
2026-03-26 22:49:07,940 [INFO] 配置文件: D:\Users\17_liuzongyi\Desktop\gitee\file-share-vue\backend\config.json
2026-03-26 22:49:07,940 [INFO] 上传目录: D:\shared_file
2026-03-26 22:49:07,940 [INFO] 日志目录: D:\Users\17_liuzongyi\Desktop\gitee\file-share-vue\logs
2026-03-26 22:49:07,940 [INFO] 使用端口: 8007
2026-03-26 22:49:07,941 [INFO] 使用外部前端: D:\Users\17_liuzongyi\Desktop\gitee\file-share-vue\frontend
2026-03-26 22:49:07,941 [INFO] ============================================================
2026-03-26 22:49:07,941 [INFO] 启动信息:
2026-03-26 22:49:07,941 [INFO]   本地访问: http://localhost:8007
2026-03-26 22:49:07,941 [INFO]   本机IP:   http://192.168.126.89:8007
2026-03-26 22:49:07,942 [INFO]   管理页面: http://localhost:8007/docliu
2026-03-26 22:49:07,942 [INFO] ============================================================
2026-03-26 22:51:53,185 [INFO] ============================================================
2026-03-26 22:51:53,185 [INFO] AuroraShare 启动中...
2026-03-26 22:51:53,185 [INFO] 程序目录: D:\Users\17_liuzongyi\Desktop\gitee\file-share-vue
2026-03-26 22:51:53,185 [INFO] 配置文件: D:\Users\17_liuzongyi\Desktop\gitee\file-share-vue\backend\config.json
2026-03-26 22:51:53,185 [INFO] 上传目录: D:\shared_file
2026-03-26 22:51:53,186 [INFO] 日志目录: D:\Users\17_liuzongyi\Desktop\gitee\file-share-vue\logs
2026-03-26 22:51:53,186 [INFO] 使用端口: 8007
2026-03-26 22:51:53,186 [INFO] 使用外部前端: D:\Users\17_liuzongyi\Desktop\gitee\file-share-vue\frontend
2026-03-26 22:51:53,186 [INFO] ============================================================
2026-03-26 22:51:53,186 [INFO] 启动信息:
2026-03-26 22:51:53,186 [INFO]   本地访问: http://localhost:8007
2026-03-26 22:51:53,186 [INFO]   本机IP:   http://192.168.126.89:8007
2026-03-26 22:51:53,186 [INFO]   管理页面: http://localhost:8007/docliu
2026-03-26 22:51:53,186 [INFO] ============================================================
2026-03-27 08:22:35,904 [INFO] ============================================================
2026-03-27 08:22:35,904 [INFO] AuroraShare 启动中...
2026-03-27 08:22:35,904 [INFO] 程序目录: D:\py\file-share
2026-03-27 08:22:35,904 [INFO] 配置文件: D:\py\file-share\backend\config.json
2026-03-27 08:22:35,904 [INFO] 上传目录: D:\shared_file
2026-03-27 08:22:35,904 [INFO] 日志目录: D:\py\file-share\logs
2026-03-27 08:22:35,904 [INFO] 使用端口: 8007
2026-03-27 08:22:35,905 [INFO] 使用外部前端: D:\py\file-share\frontend
2026-03-27 08:22:35,905 [INFO] ============================================================
2026-03-27 08:22:35,905 [INFO] 启动信息:
2026-03-27 08:22:35,905 [INFO]   本地访问: http://localhost:8007
2026-03-27 08:22:35,906 [INFO]   本机IP:   http://192.168.1.13:8007
2026-03-27 08:22:35,906 [INFO]   管理页面: http://localhost:8007/docliu
2026-03-27 08:22:35,907 [INFO] ============================================================
2026-03-27 08:22:38,176 [INFO] 浏览器已自动打开
2026-03-27 08:22:38,863 [INFO] 启动 uvicorn 服务器 (端口: 8007)...
2026-03-27 08:22:57,405 [INFO] ============================================================
2026-03-27 08:22:57,405 [INFO] AuroraShare 启动中...
2026-03-27 08:22:57,405 [INFO] 程序目录: D:\py\file-share
2026-03-27 08:22:57,405 [INFO] 配置文件: D:\py\file-share\backend\config.json
2026-03-27 08:22:57,406 [INFO] 上传目录: D:\shared_file
2026-03-27 08:22:57,406 [INFO] 日志目录: D:\py\file-share\logs
2026-03-27 08:22:57,406 [INFO] 使用端口: 8000
2026-03-27 08:22:57,406 [INFO] 使用外部前端: D:\py\file-share\frontend
2026-03-27 08:22:57,406 [INFO] ============================================================
2026-03-27 08:22:57,406 [INFO] 启动信息:
2026-03-27 08:22:57,406 [INFO]   本地访问: http://localhost:8000
2026-03-27 08:22:57,406 [INFO]   本机IP:   http://192.168.1.13:8000
2026-03-27 08:22:57,407 [INFO]   管理页面: http://localhost:8000/docliu
2026-03-27 08:22:57,407 [INFO] ============================================================
2026-03-27 08:22:58,264 [INFO] 启动 uvicorn 服务器 (端口: 8000)...
2026-03-27 08:22:59,461 [INFO] 浏览器已自动打开
2026-03-27 08:28:40,272 [INFO] ============================================================
2026-03-27 08:28:40,272 [INFO] AuroraShare 启动中...
2026-03-27 08:28:40,272 [INFO] 程序目录: D:\py\file-share
2026-03-27 08:28:40,272 [INFO] 配置文件: D:\py\file-share\backend\config.json
2026-03-27 08:28:40,272 [INFO] 上传目录: D:\shared_file
2026-03-27 08:28:40,272 [INFO] 日志目录: D:\py\file-share\logs
2026-03-27 08:28:40,272 [INFO] 使用端口: 8000
2026-03-27 08:28:40,273 [INFO] 使用外部前端: D:\py\file-share\frontend
2026-03-27 08:28:40,273 [INFO] ============================================================
2026-03-27 08:28:40,275 [INFO] 启动信息:
2026-03-27 08:28:40,275 [INFO]   本地访问: http://localhost:8000
2026-03-27 08:28:40,275 [INFO]   本机IP:   http://192.168.1.13:8000
2026-03-27 08:28:40,276 [INFO]   管理页面: http://localhost:8000/docliu
2026-03-27 08:28:40,276 [INFO] ============================================================
2026-03-27 08:28:41,150 [INFO] 启动 uvicorn 服务器 (端口: 8000)...
2026-03-27 08:28:42,356 [INFO] 浏览器已自动打开
2026-03-27 08:39:27,181 [INFO] ============================================================
2026-03-27 08:39:27,181 [INFO] AuroraShare 启动中...
2026-03-27 08:39:27,181 [INFO] 程序目录: D:\py\file-share
2026-03-27 08:39:27,181 [INFO] 配置文件: D:\py\file-share\backend\config.json
2026-03-27 08:39:27,181 [INFO] 上传目录: D:\shared_file
2026-03-27 08:39:27,181 [INFO] 日志目录: D:\py\file-share\logs
2026-03-27 08:39:27,181 [INFO] 使用端口: 8000
2026-03-27 08:39:27,182 [INFO] 使用外部前端: D:\py\file-share\frontend
2026-03-27 08:39:27,182 [INFO] ============================================================
2026-03-27 08:39:27,182 [INFO] 启动信息:
2026-03-27 08:39:27,182 [INFO]   本地访问: http://localhost:8000
2026-03-27 08:39:27,182 [INFO]   本机IP:   http://192.168.1.13:8000
2026-03-27 08:39:27,182 [INFO]   管理页面: http://localhost:8000/docliu
2026-03-27 08:39:27,182 [INFO] ============================================================
2026-03-27 08:39:28,876 [INFO] 启动 uvicorn 服务器 (端口: 8000)...
2026-03-27 08:39:29,255 [INFO] 浏览器已自动打开
2026-03-27 08:48:27,585 [INFO] ============================================================
2026-03-27 08:48:27,585 [INFO] AuroraShare 启动中...
2026-03-27 08:48:27,585 [INFO] 程序目录: D:\py\file-share
2026-03-27 08:48:27,585 [INFO] 配置文件: D:\py\file-share\backend\config.json
2026-03-27 08:48:27,585 [INFO] 上传目录: D:\shared_file
2026-03-27 08:48:27,585 [INFO] 日志目录: D:\py\file-share\logs
2026-03-27 08:48:27,586 [INFO] 使用端口: 8000
2026-03-27 08:48:27,586 [INFO] 使用外部前端: D:\py\file-share\frontend
2026-03-27 08:48:27,586 [INFO] ============================================================
2026-03-27 08:48:27,586 [INFO] 启动信息:
2026-03-27 08:48:27,586 [INFO]   本地访问: http://localhost:8000
2026-03-27 08:48:27,586 [INFO]   本机IP:   http://192.168.1.13:8000
2026-03-27 08:48:27,586 [INFO]   管理页面: http://localhost:8000/docliu
2026-03-27 08:48:27,586 [INFO] ============================================================
2026-03-27 08:48:28,609 [INFO] 启动 uvicorn 服务器 (端口: 8000)...
2026-03-27 08:48:29,663 [INFO] 浏览器已自动打开
2026-03-27 09:20:45,208 [INFO] ============================================================
2026-03-27 09:20:45,212 [INFO] AuroraShare 启动中...
2026-03-27 09:20:45,214 [INFO] 程序目录: D:\py\file-share
2026-03-27 09:20:45,214 [INFO] 配置文件: D:\py\file-share\backend\config.json
2026-03-27 09:20:45,215 [INFO] 上传目录: D:\shared_file
2026-03-27 09:20:45,215 [INFO] 日志目录: D:\py\file-share\logs
2026-03-27 09:20:45,215 [INFO] 使用端口: 8000
2026-03-27 09:20:45,215 [INFO] 使用外部前端: D:\py\file-share\frontend
2026-03-27 09:20:45,215 [INFO] ============================================================
2026-03-27 09:20:45,215 [INFO] 启动信息:
2026-03-27 09:20:45,215 [INFO]   本地访问: http://localhost:8000
2026-03-27 09:20:45,215 [INFO]   本机IP:   http://192.168.1.13:8000
2026-03-27 09:20:45,215 [INFO]   管理页面: http://localhost:8000/docliu
2026-03-27 09:20:45,216 [INFO] ============================================================
2026-03-27 09:20:46,101 [INFO] 启动 uvicorn 服务器 (端口: 8000)...
2026-03-27 09:20:47,296 [INFO] 浏览器已自动打开
2026-03-27 15:49:05,567 [INFO] ============================================================
2026-03-27 15:49:05,621 [INFO] AuroraShare 启动中...
2026-03-27 15:49:05,627 [INFO] 程序目录: D:\py\file-share
2026-03-27 15:49:05,629 [INFO] 配置文件: D:\py\file-share\backend\config.json
2026-03-27 15:49:05,630 [INFO] 上传目录: D:\shared_file
2026-03-27 15:49:05,631 [INFO] 日志目录: D:\py\file-share\logs
2026-03-27 15:49:05,631 [INFO] 使用端口: 8000
2026-03-27 15:49:05,636 [INFO] 使用外部前端: D:\py\file-share\frontend
2026-03-27 15:49:05,637 [INFO] ============================================================
2026-03-27 15:49:05,637 [INFO] 启动信息:
2026-03-27 15:49:05,637 [INFO]   本地访问: http://localhost:8000
2026-03-27 15:49:05,637 [INFO]   本机IP:   http://192.168.1.13:8000
2026-03-27 15:49:05,637 [INFO]   管理页面: http://localhost:8000/docliu
2026-03-27 15:49:05,638 [INFO] ============================================================
2026-03-27 15:49:08,536 [INFO] 浏览器已自动打开
2026-03-27 15:49:09,582 [INFO] 启动 uvicorn 服务器 (端口: 8000)...
2026-03-27 16:16:31,012 [INFO] ============================================================
2026-03-27 16:16:31,013 [INFO] AuroraShare 启动中...
2026-03-27 16:16:31,013 [INFO] 程序目录: D:\py\file-share
2026-03-27 16:16:31,013 [INFO] 配置文件: D:\py\file-share\backend\config.json
2026-03-27 16:16:31,013 [INFO] 上传目录: D:\shared_file
2026-03-27 16:16:31,013 [INFO] 日志目录: D:\py\file-share\logs
2026-03-27 16:16:31,014 [INFO] 使用端口: 8000
2026-03-27 16:16:31,014 [INFO] 使用外部前端: D:\py\file-share\frontend
2026-03-27 16:16:31,014 [INFO] ============================================================
2026-03-27 16:16:31,015 [INFO] 启动信息:
2026-03-27 16:16:31,015 [INFO]   本地访问: http://localhost:8000
2026-03-27 16:16:31,015 [INFO]   本机IP:   http://192.168.1.13:8000
2026-03-27 16:16:31,016 [INFO]   管理页面: http://localhost:8000/docliu
2026-03-27 16:16:31,016 [INFO] ============================================================
2026-03-27 16:16:32,003 [INFO] 启动 uvicorn 服务器 (端口: 8000)...
2026-03-27 16:16:33,080 [INFO] 浏览器已自动打开
2026-03-27 16:26:03,982 [INFO] ============================================================
2026-03-27 16:26:03,982 [INFO] AuroraShare 启动中...
2026-03-27 16:26:03,983 [INFO] 程序目录: D:\py\file-share
2026-03-27 16:26:03,983 [INFO] 配置文件: D:\py\file-share\backend\config.json
2026-03-27 16:26:03,984 [INFO] 上传目录: D:\shared_file
2026-03-27 16:26:03,984 [INFO] 日志目录: D:\py\file-share\logs
2026-03-27 16:26:03,985 [INFO] 使用端口: 8000
2026-03-27 16:26:03,985 [INFO] 使用外部前端: D:\py\file-share\frontend
2026-03-27 16:26:03,986 [INFO] ============================================================
2026-03-27 16:26:03,987 [INFO] 启动信息:
2026-03-27 16:26:03,988 [INFO]   本地访问: http://localhost:8000
2026-03-27 16:26:03,988 [INFO]   本机IP:   http://192.168.1.13:8000
2026-03-27 16:26:03,988 [INFO]   管理页面: http://localhost:8000/docliu
2026-03-27 16:26:03,989 [INFO] ============================================================
2026-03-27 16:26:04,947 [INFO] 启动 uvicorn 服务器 (端口: 8000)...
2026-03-27 16:26:06,125 [INFO] 浏览器已自动打开
2026-03-27 16:27:06,174 [INFO] ============================================================
2026-03-27 16:27:06,174 [INFO] AuroraShare 启动中...
2026-03-27 16:27:06,175 [INFO] 程序目录: D:\py\file-share
2026-03-27 16:27:06,175 [INFO] 配置文件: D:\py\file-share\backend\config.json
2026-03-27 16:27:06,175 [INFO] 上传目录: D:\shared_file
2026-03-27 16:27:06,175 [INFO] 日志目录: D:\py\file-share\logs
2026-03-27 16:27:06,175 [INFO] 使用端口: 8000
2026-03-27 16:27:06,176 [INFO] 使用外部前端: D:\py\file-share\frontend
2026-03-27 16:27:06,176 [INFO] ============================================================
2026-03-27 16:27:06,177 [INFO] 启动信息:
2026-03-27 16:27:06,177 [INFO]   本地访问: http://localhost:8000
2026-03-27 16:27:06,177 [INFO]   本机IP:   http://192.168.1.13:8000
2026-03-27 16:27:06,177 [INFO]   管理页面: http://localhost:8000/docliu
2026-03-27 16:27:06,177 [INFO] ============================================================
2026-03-27 16:27:07,019 [INFO] 启动 uvicorn 服务器 (端口: 8000)...
2026-03-27 16:27:08,317 [INFO] 浏览器已自动打开
2026-03-27 16:30:21,810 [INFO] ============================================================
2026-03-27 16:30:21,811 [INFO] AuroraShare 启动中...
2026-03-27 16:30:21,813 [INFO] 程序目录: D:\py\file-share
2026-03-27 16:30:21,814 [INFO] 配置文件: D:\py\file-share\backend\config.json
2026-03-27 16:30:21,815 [INFO] 上传目录: D:\shared_file
2026-03-27 16:30:21,815 [INFO] 日志目录: D:\py\file-share\logs
2026-03-27 16:30:21,815 [INFO] 使用端口: 8000
2026-03-27 16:30:21,816 [INFO] 使用外部前端: D:\py\file-share\frontend
2026-03-27 16:30:21,816 [INFO] ============================================================
2026-03-27 16:30:21,817 [INFO] 启动信息:
2026-03-27 16:30:21,817 [INFO]   本地访问: http://localhost:8000
2026-03-27 16:30:21,817 [INFO]   本机IP:   http://192.168.1.13:8000
2026-03-27 16:30:21,818 [INFO]   管理页面: http://localhost:8000/docliu
2026-03-27 16:30:21,819 [INFO] ============================================================
2026-03-27 16:30:22,992 [INFO] 启动 uvicorn 服务器 (端口: 8000)...
2026-03-27 16:30:23,947 [INFO] 浏览器已自动打开
2026-03-27 18:44:34,357 [INFO] ============================================================
2026-03-27 18:44:34,357 [INFO] AuroraShare 启动中...
2026-03-27 18:44:34,357 [INFO] 程序目录: D:\Users\17_liuzongyi\Desktop\gitee\file-share
2026-03-27 18:44:34,357 [INFO] 配置文件: D:\Users\17_liuzongyi\Desktop\gitee\file-share\backend\config.json
2026-03-27 18:44:34,357 [INFO] 上传目录: D:\shared_file
2026-03-27 18:44:34,357 [INFO] 日志目录: D:\Users\17_liuzongyi\Desktop\gitee\file-share\logs
2026-03-27 18:44:34,357 [INFO] 使用端口: 8000
2026-03-27 18:44:34,358 [INFO] 使用外部前端: D:\Users\17_liuzongyi\Desktop\gitee\file-share\frontend
2026-03-27 18:44:34,358 [INFO] ============================================================
2026-03-27 18:44:34,358 [INFO] 启动信息:
2026-03-27 18:44:34,358 [INFO]   本地访问: http://localhost:8000
2026-03-27 18:44:34,358 [INFO]   本机IP:   http://192.168.133.89:8000
2026-03-27 18:44:34,358 [INFO]   管理页面: http://localhost:8000/docliu
2026-03-27 18:44:34,358 [INFO] ============================================================
2026-03-27 18:44:35,449 [INFO] 启动 uvicorn 服务器 (端口: 8000)...
2026-03-27 18:44:36,737 [INFO] 浏览器已自动打开
2026-03-29 09:03:25,871 [INFO] ============================================================
2026-03-29 09:03:25,871 [INFO] AuroraShare 启动中...
2026-03-29 09:03:25,871 [INFO] 程序目录: D:\py\file-share
2026-03-29 09:03:25,871 [INFO] 配置文件: D:\py\file-share\backend\config.json
2026-03-29 09:03:25,871 [INFO] 上传目录: D:\shared_file
2026-03-29 09:03:25,871 [INFO] 日志目录: D:\py\file-share\logs
2026-03-29 09:03:25,871 [INFO] 使用端口: 8000
2026-03-29 09:03:25,872 [INFO] 使用外部前端: D:\py\file-share\frontend
2026-03-29 09:03:25,872 [INFO] ============================================================
2026-03-29 09:03:25,872 [INFO] 启动信息:
2026-03-29 09:03:25,875 [INFO]   本地访问: http://localhost:8000
2026-03-29 09:03:25,875 [INFO]   本机IP:   http://192.168.1.13:8000
2026-03-29 09:03:25,875 [INFO]   管理页面: http://localhost:8000/docliu
2026-03-29 09:03:25,875 [INFO] ============================================================
2026-03-29 09:03:29,876 [INFO] 浏览器已自动打开
2026-03-29 09:03:32,740 [INFO] 启动 uvicorn 服务器 (端口: 8000)...
2026-03-29 09:13:54,861 [INFO] ============================================================
2026-03-29 09:13:54,862 [INFO] AuroraShare 启动中...
2026-03-29 09:13:54,862 [INFO] 程序目录: D:\py\file-share
2026-03-29 09:13:54,862 [INFO] 配置文件: D:\py\file-share\backend\config.json
2026-03-29 09:13:54,862 [INFO] 上传目录: D:\shared_file
2026-03-29 09:13:54,862 [INFO] 日志目录: D:\py\file-share\logs
2026-03-29 09:13:54,862 [INFO] 使用端口: 8000
2026-03-29 09:13:54,862 [INFO] 使用外部前端: D:\py\file-share\frontend
2026-03-29 09:13:54,864 [INFO] ============================================================
2026-03-29 09:13:54,864 [INFO] 启动信息:
2026-03-29 09:13:54,864 [INFO]   本地访问: http://localhost:8000
2026-03-29 09:13:54,864 [INFO]   本机IP:   http://192.168.1.13:8000
2026-03-29 09:13:54,864 [INFO]   管理页面: http://localhost:8000/docliu
2026-03-29 09:13:54,864 [INFO] ============================================================
2026-03-29 09:13:55,770 [INFO] 启动 uvicorn 服务器 (端口: 8000)...
2026-03-29 09:13:56,955 [INFO] 浏览器已自动打开
2026-04-01 09:13:18,612 [INFO] ============================================================
2026-04-01 09:13:18,613 [INFO] AuroraShare 启动中...
2026-04-01 09:13:18,615 [INFO] 程序目录: D:\py\file-share
2026-04-01 09:13:18,615 [INFO] 配置文件: D:\py\file-share\backend\config.json
2026-04-01 09:13:18,615 [INFO] 上传目录: D:\shared_file
2026-04-01 09:13:18,616 [INFO] 日志目录: D:\py\file-share\logs
2026-04-01 09:13:18,616 [INFO] 使用端口: 8000
2026-04-01 09:13:18,617 [INFO] 使用外部前端: D:\py\file-share\frontend
2026-04-01 09:13:18,617 [INFO] ============================================================
2026-04-01 09:13:18,619 [INFO] 启动信息:
2026-04-01 09:13:18,664 [INFO]   本地访问: http://localhost:8000
2026-04-01 09:13:18,694 [INFO]   本机IP:   http://192.168.1.13:8000
2026-04-01 09:13:18,696 [INFO]   管理页面: http://localhost:8000/docliu
2026-04-01 09:13:18,696 [INFO] ============================================================
2026-04-01 09:13:20,936 [INFO] 浏览器已自动打开
2026-04-01 09:13:31,417 [INFO] 启动 uvicorn 服务器 (端口: 8000)...
2026-04-01 09:21:33,003 [INFO] ============================================================
2026-04-01 09:21:33,003 [INFO] AuroraShare 启动中...
2026-04-01 09:21:33,003 [INFO] 程序目录: D:\py\file-share
2026-04-01 09:21:33,003 [INFO] 配置文件: D:\py\file-share\backend\config.json
2026-04-01 09:21:33,004 [INFO] 上传目录: D:\shared_file
2026-04-01 09:21:33,004 [INFO] 日志目录: D:\py\file-share\logs
2026-04-01 09:21:33,004 [INFO] 使用端口: 8000
2026-04-01 09:21:33,005 [INFO] 使用外部前端: D:\py\file-share\frontend
2026-04-01 09:21:33,007 [INFO] ============================================================
2026-04-01 09:21:33,009 [INFO] 启动信息:
2026-04-01 09:21:33,010 [INFO]   本地访问: http://localhost:8000
2026-04-01 09:21:33,010 [INFO]   本机IP:   http://192.168.1.13:8000
2026-04-01 09:21:33,010 [INFO]   管理页面: http://localhost:8000/docliu
2026-04-01 09:21:33,011 [INFO] ============================================================
2026-04-01 09:23:29,057 [INFO] ============================================================
2026-04-01 09:23:29,057 [INFO] AuroraShare 启动中...
2026-04-01 09:23:29,057 [INFO] 程序目录: D:\py\file-share
2026-04-01 09:23:29,057 [INFO] 配置文件: D:\py\file-share\backend\config.json
2026-04-01 09:23:29,057 [INFO] 上传目录: D:\shared_file
2026-04-01 09:23:29,058 [INFO] 日志目录: D:\py\file-share\logs
2026-04-01 09:23:29,058 [INFO] 使用端口: 8000
2026-04-01 09:23:29,058 [INFO] 使用外部前端: D:\py\file-share\frontend
2026-04-01 09:23:29,058 [INFO] ============================================================
2026-04-01 09:23:29,059 [INFO] 启动信息:
2026-04-01 09:23:29,060 [INFO]   本地访问: http://localhost:8000
2026-04-01 09:23:29,060 [INFO]   本机IP:   http://192.168.1.13:8000
2026-04-01 09:23:29,060 [INFO]   管理页面: http://localhost:8000/docliu
2026-04-01 09:23:29,061 [INFO] ============================================================
2026-04-01 09:26:31,490 [INFO] ============================================================
2026-04-01 09:26:31,490 [INFO] AuroraShare 启动中...
2026-04-01 09:26:31,490 [INFO] 程序目录: D:\py\file-share
2026-04-01 09:26:31,490 [INFO] 配置文件: D:\py\file-share\backend\config.json
2026-04-01 09:26:31,491 [INFO] 上传目录: D:\shared_file
2026-04-01 09:26:31,491 [INFO] 日志目录: D:\py\file-share\logs
2026-04-01 09:26:31,491 [INFO] 使用端口: 8001
2026-04-01 09:26:31,491 [INFO] 使用外部前端: D:\py\file-share\frontend
2026-04-01 09:26:31,492 [INFO] ============================================================
2026-04-01 09:26:31,492 [INFO] 启动信息:
2026-04-01 09:26:31,493 [INFO]   本地访问: http://localhost:8001
2026-04-01 09:26:31,493 [INFO]   本机IP:   http://192.168.1.13:8001
2026-04-01 09:26:31,493 [INFO]   管理页面: http://localhost:8001/docliu
2026-04-01 09:26:31,493 [INFO] ============================================================
2026-04-01 09:32:41,304 [INFO] ============================================================
2026-04-01 09:32:41,304 [INFO] AuroraShare 启动中...
2026-04-01 09:32:41,304 [INFO] 程序目录: D:\py\file-share
2026-04-01 09:32:41,304 [INFO] 配置文件: D:\py\file-share\backend\config.json
2026-04-01 09:32:41,305 [INFO] 上传目录: D:\shared_file
2026-04-01 09:32:41,305 [INFO] 日志目录: D:\py\file-share\logs
2026-04-01 09:32:41,305 [INFO] 使用端口: 8001
2026-04-01 09:32:41,305 [INFO] 使用外部前端: D:\py\file-share\frontend
2026-04-01 09:32:41,306 [INFO] ============================================================
2026-04-01 09:32:41,306 [INFO] 启动信息:
2026-04-01 09:32:41,306 [INFO]   本地访问: http://localhost:8001
2026-04-01 09:32:41,306 [INFO]   本机IP:   http://192.168.1.13:8001
2026-04-01 09:32:41,306 [INFO]   管理页面: http://localhost:8001/docliu
2026-04-01 09:32:41,307 [INFO] ============================================================
2026-04-01 09:33:20,868 [INFO] ============================================================
2026-04-01 09:33:20,868 [INFO] AuroraShare 启动中...
2026-04-01 09:33:20,868 [INFO] 程序目录: D:\py\file-share
2026-04-01 09:33:20,869 [INFO] 配置文件: D:\py\file-share\backend\config.json
2026-04-01 09:33:20,869 [INFO] 上传目录: D:\shared_file
2026-04-01 09:33:20,869 [INFO] 日志目录: D:\py\file-share\logs
2026-04-01 09:33:20,869 [INFO] 使用端口: 8001
2026-04-01 09:33:20,870 [INFO] 使用外部前端: D:\py\file-share\frontend
2026-04-01 09:33:20,870 [INFO] ============================================================
2026-04-01 09:33:20,870 [INFO] 启动信息:
2026-04-01 09:33:20,870 [INFO]   本地访问: http://localhost:8001
2026-04-01 09:33:20,871 [INFO]   本机IP:   http://192.168.1.13:8001
2026-04-01 09:33:20,871 [INFO]   管理页面: http://localhost:8001/docliu
2026-04-01 09:33:20,871 [INFO] ============================================================
2026-04-01 09:37:27,842 [INFO] ============================================================
2026-04-01 09:37:27,842 [INFO] AuroraShare 启动中...
2026-04-01 09:37:27,842 [INFO] 程序目录: D:\py\file-share
2026-04-01 09:37:27,843 [INFO] 配置文件: D:\py\file-share\backend\config.json
2026-04-01 09:37:27,843 [INFO] 上传目录: D:\shared_file
2026-04-01 09:37:27,843 [INFO] 日志目录: D:\py\file-share\logs
2026-04-01 09:37:27,843 [INFO] 使用端口: 8001
2026-04-01 09:37:27,843 [INFO] 使用外部前端: D:\py\file-share\frontend
2026-04-01 09:37:27,844 [INFO] ============================================================
2026-04-01 09:37:27,844 [INFO] 启动信息:
2026-04-01 09:37:27,844 [INFO]   本地访问: http://localhost:8001
2026-04-01 09:37:27,845 [INFO]   本机IP:   http://192.168.1.13:8001
2026-04-01 09:37:27,845 [INFO]   管理页面: http://localhost:8001/docliu
2026-04-01 09:37:27,845 [INFO] ============================================================
2026-04-01 09:57:32,054 [INFO] ============================================================
2026-04-01 09:57:32,055 [INFO] AuroraShare 启动中...
2026-04-01 09:57:32,055 [INFO] 程序目录: D:\py\file-share
2026-04-01 09:57:32,056 [INFO] 配置文件: D:\py\file-share\backend\config.json
2026-04-01 09:57:32,064 [INFO] 上传目录: D:\shared_file
2026-04-01 09:57:32,066 [INFO] 日志目录: D:\py\file-share\logs
2026-04-01 09:57:32,067 [INFO] 使用端口: 8001
2026-04-01 09:57:32,069 [INFO] 使用外部前端: D:\py\file-share\frontend
2026-04-01 09:57:32,070 [INFO] ============================================================
2026-04-01 09:57:32,073 [INFO] 启动信息:
2026-04-01 09:57:32,075 [INFO]   本地访问: http://localhost:8001
2026-04-01 09:57:32,076 [INFO]   本机IP:   http://192.168.1.13:8001
2026-04-01 09:57:32,077 [INFO]   管理页面: http://localhost:8001/docliu
2026-04-01 09:57:32,078 [INFO] ============================================================
2026-04-01 10:09:12,779 [INFO] ============================================================
2026-04-01 10:09:12,780 [INFO] AuroraShare 启动中...
2026-04-01 10:09:12,780 [INFO] 程序目录: D:\py\file-share
2026-04-01 10:09:12,780 [INFO] 配置文件: D:\py\file-share\backend\config.json
2026-04-01 10:09:12,780 [INFO] 上传目录: D:\shared_file
2026-04-01 10:09:12,781 [INFO] 日志目录: D:\py\file-share\logs
2026-04-01 10:09:12,784 [INFO] 使用端口: 8002
2026-04-01 10:09:12,784 [INFO] 使用外部前端: D:\py\file-share\frontend
2026-04-01 10:09:12,785 [INFO] ============================================================
2026-04-01 10:09:12,785 [INFO] 启动信息:
2026-04-01 10:09:12,785 [INFO]   本地访问: http://localhost:8002
2026-04-01 10:09:12,785 [INFO]   本机IP:   http://192.168.1.13:8002
2026-04-01 10:09:12,785 [INFO]   管理页面: http://localhost:8002/docliu
2026-04-01 10:09:12,786 [INFO] ============================================================
2026-04-01 10:27:23,854 [INFO] ============================================================
2026-04-01 10:27:23,854 [INFO] AuroraShare 启动中...
2026-04-01 10:27:23,854 [INFO] 程序目录: D:\py\file-share
2026-04-01 10:27:23,855 [INFO] 配置文件: D:\py\file-share\backend\config.json
2026-04-01 10:27:23,855 [INFO] 上传目录: D:\shared_file
2026-04-01 10:27:23,855 [INFO] 日志目录: D:\py\file-share\logs
2026-04-01 10:27:23,855 [INFO] 使用端口: 8002
2026-04-01 10:27:23,855 [INFO] 使用外部前端: D:\py\file-share\frontend
2026-04-01 10:27:23,856 [INFO] ============================================================
2026-04-01 10:27:23,856 [INFO] 启动信息:
2026-04-01 10:27:23,856 [INFO]   本地访问: http://localhost:8002
2026-04-01 10:27:23,856 [INFO]   本机IP:   http://192.168.1.13:8002
2026-04-01 10:27:23,857 [INFO]   管理页面: http://localhost:8002/docliu
2026-04-01 10:27:23,857 [INFO] ============================================================
2026-04-01 10:27:37,938 [INFO] ============================================================
2026-04-01 10:27:37,944 [INFO] AuroraShare 启动中...
2026-04-01 10:27:37,945 [INFO] 程序目录: D:\py\file-share
2026-04-01 10:27:37,945 [INFO] 配置文件: D:\py\file-share\backend\config.json
2026-04-01 10:27:37,946 [INFO] 上传目录: D:\shared_file
2026-04-01 10:27:37,946 [INFO] 日志目录: D:\py\file-share\logs
2026-04-01 10:27:37,946 [INFO] 使用端口: 8002
2026-04-01 10:27:37,947 [INFO] 使用外部前端: D:\py\file-share\frontend
2026-04-01 10:27:37,948 [INFO] ============================================================
2026-04-01 10:27:37,948 [INFO] 启动信息:
2026-04-01 10:27:37,949 [INFO]   本地访问: http://localhost:8002
2026-04-01 10:27:37,949 [INFO]   本机IP:   http://192.168.1.13:8002
2026-04-01 10:27:37,949 [INFO]   管理页面: http://localhost:8002/docliu
2026-04-01 10:27:37,949 [INFO] ============================================================
2026-04-01 10:34:07,380 [INFO] ============================================================
2026-04-01 10:34:07,381 [INFO] AuroraShare 启动中...
2026-04-01 10:34:07,381 [INFO] 程序目录: D:\py\file-share
2026-04-01 10:34:07,381 [INFO] 配置文件: D:\py\file-share\backend\config.json
2026-04-01 10:34:07,381 [INFO] 上传目录: D:\shared_file
2026-04-01 10:34:07,382 [INFO] 日志目录: D:\py\file-share\logs
2026-04-01 10:34:07,382 [INFO] 使用端口: 8003
2026-04-01 10:34:07,382 [INFO] 使用外部前端: D:\py\file-share\frontend
2026-04-01 10:34:07,383 [INFO] ============================================================
2026-04-01 10:34:07,385 [INFO] 启动信息:
2026-04-01 10:34:07,386 [INFO]   本地访问: http://localhost:8003
2026-04-01 10:34:07,386 [INFO]   本机IP:   http://192.168.1.13:8003
2026-04-01 10:34:07,387 [INFO]   管理页面: http://localhost:8003/docliu
2026-04-01 10:34:07,387 [INFO] ============================================================
2026-04-01 10:40:21,961 [INFO] ============================================================
2026-04-01 10:40:21,965 [INFO] AuroraShare 启动中...
2026-04-01 10:40:21,965 [INFO] 程序目录: D:\py\file-share
2026-04-01 10:40:21,966 [INFO] 配置文件: D:\py\file-share\backend\config.json
2026-04-01 10:40:21,966 [INFO] 上传目录: D:\shared_file
2026-04-01 10:40:21,966 [INFO] 日志目录: D:\py\file-share\logs
2026-04-01 10:40:21,966 [INFO] 使用端口: 8003
2026-04-01 10:40:21,967 [INFO] 使用外部前端: D:\py\file-share\frontend_dist
2026-04-01 10:40:21,967 [INFO] ============================================================
2026-04-01 10:40:21,967 [INFO] 启动信息:
2026-04-01 10:40:21,967 [INFO]   本地访问: http://localhost:8003
2026-04-01 10:40:21,968 [INFO]   本机IP:   http://192.168.1.13:8003
2026-04-01 10:40:21,968 [INFO]   管理页面: http://localhost:8003/docliu
2026-04-01 10:40:21,968 [INFO] ============================================================
2026-04-01 10:40:25,289 [INFO] 浏览器已自动打开
2026-04-01 10:40:59,401 [INFO] ============================================================
2026-04-01 10:40:59,402 [INFO] AuroraShare 启动中...
2026-04-01 10:40:59,402 [INFO] 程序目录: D:\py\file-share
2026-04-01 10:40:59,402 [INFO] 配置文件: D:\py\file-share\backend\config.json
2026-04-01 10:40:59,402 [INFO] 上传目录: D:\shared_file
2026-04-01 10:40:59,402 [INFO] 日志目录: D:\py\file-share\logs
2026-04-01 10:40:59,402 [INFO] 使用端口: 8000
2026-04-01 10:40:59,402 [INFO] 使用外部前端: D:\py\file-share\frontend_dist
2026-04-01 10:40:59,402 [INFO] ============================================================
2026-04-01 10:40:59,402 [INFO] 启动信息:
2026-04-01 10:40:59,403 [INFO]   本地访问: http://localhost:8000
2026-04-01 10:40:59,403 [INFO]   本机IP:   http://192.168.1.13:8000
2026-04-01 10:40:59,404 [INFO]   管理页面: http://localhost:8000/docliu
2026-04-01 10:40:59,404 [INFO] ============================================================
2026-04-01 10:50:00,422 [INFO] ============================================================
2026-04-01 10:50:00,422 [INFO] AuroraShare 启动中...
2026-04-01 10:50:00,422 [INFO] 程序目录: D:\py\file-share
2026-04-01 10:50:00,422 [INFO] 配置文件: D:\py\file-share\backend\config.json
2026-04-01 10:50:00,422 [INFO] 上传目录: D:\shared_file
2026-04-01 10:50:00,422 [INFO] 日志目录: D:\py\file-share\logs
2026-04-01 10:50:00,422 [INFO] 使用端口: 8000
2026-04-01 10:50:00,423 [INFO] 使用外部前端: D:\py\file-share\frontend_dist
2026-04-01 10:50:00,423 [INFO] ============================================================
2026-04-01 10:50:00,423 [INFO] 启动信息:
2026-04-01 10:50:00,423 [INFO]   本地访问: http://localhost:8000
2026-04-01 10:50:00,423 [INFO]   本机IP:   http://192.168.1.13:8000
2026-04-01 10:50:00,423 [INFO]   管理页面: http://localhost:8000/docliu
2026-04-01 10:50:00,423 [INFO] ============================================================
2026-04-01 10:53:37,786 [INFO] ============================================================
2026-04-01 10:53:37,786 [INFO] AuroraShare 启动中...
2026-04-01 10:53:37,786 [INFO] 程序目录: D:\py\file-share
2026-04-01 10:53:37,786 [INFO] 配置文件: D:\py\file-share\backend\config.json
2026-04-01 10:53:37,786 [INFO] 上传目录: D:\shared_file
2026-04-01 10:53:37,786 [INFO] 日志目录: D:\py\file-share\logs
2026-04-01 10:53:37,786 [INFO] 使用端口: 8000
2026-04-01 10:53:37,786 [INFO] 使用外部前端: D:\py\file-share\frontend_dist
2026-04-01 10:53:37,790 [INFO] ============================================================
2026-04-01 10:53:37,790 [INFO] 启动信息:
2026-04-01 10:53:37,790 [INFO]   本地访问: http://localhost:8000
2026-04-01 10:53:37,790 [INFO]   本机IP:   http://192.168.1.13:8000
2026-04-01 10:53:37,790 [INFO]   管理页面: http://localhost:8000/docliu
2026-04-01 10:53:37,790 [INFO] ============================================================
2026-04-01 11:27:30,026 [INFO] ============================================================
2026-04-01 11:27:30,027 [INFO] AuroraShare 启动中...
2026-04-01 11:27:30,027 [INFO] 程序目录: D:\py\file-share
2026-04-01 11:27:30,027 [INFO] 配置文件: D:\py\file-share\backend\config.json
2026-04-01 11:27:30,027 [INFO] 上传目录: D:\shared_file
2026-04-01 11:27:30,027 [INFO] 日志目录: D:\py\file-share\logs
2026-04-01 11:27:30,027 [INFO] 使用端口: 8000
2026-04-01 11:27:30,028 [INFO] 使用外部前端: D:\py\file-share\frontend_dist
2026-04-01 11:27:30,028 [INFO] ============================================================
2026-04-01 11:27:30,028 [INFO] 启动信息:
2026-04-01 11:27:30,028 [INFO]   本地访问: http://localhost:8000
2026-04-01 11:27:30,028 [INFO]   本机IP:   http://192.168.1.13:8000
2026-04-01 11:27:30,028 [INFO]   管理页面: http://localhost:8000/docliu
2026-04-01 11:27:30,028 [INFO] ============================================================
2026-04-01 11:27:57,348 [INFO] ============================================================
2026-04-01 11:27:57,349 [INFO] AuroraShare 启动中...
2026-04-01 11:27:57,349 [INFO] 程序目录: D:\py\file-share
2026-04-01 11:27:57,349 [INFO] 配置文件: D:\py\file-share\backend\config.json
2026-04-01 11:27:57,349 [INFO] 上传目录: D:\shared_file
2026-04-01 11:27:57,349 [INFO] 日志目录: D:\py\file-share\logs
2026-04-01 11:27:57,349 [INFO] 使用端口: 8000
2026-04-01 11:27:57,350 [INFO] 使用外部前端: D:\py\file-share\frontend_dist
2026-04-01 11:27:57,350 [INFO] ============================================================
2026-04-01 11:27:57,350 [INFO] 启动信息:
2026-04-01 11:27:57,350 [INFO]   本地访问: http://localhost:8000
2026-04-01 11:27:57,350 [INFO]   本机IP:   http://192.168.1.13:8000
2026-04-01 11:27:57,350 [INFO]   管理页面: http://localhost:8000/docliu
2026-04-01 11:27:57,350 [INFO] ============================================================
2026-04-02 09:46:01,782 [INFO] ============================================================
2026-04-02 09:46:01,798 [INFO] AuroraShare 启动中...
2026-04-02 09:46:01,798 [INFO] 程序目录: D:\py\file-share
2026-04-02 09:46:01,798 [INFO] 配置文件: D:\py\file-share\backend\config.json
2026-04-02 09:46:01,798 [INFO] 上传目录: D:\shared_file
2026-04-02 09:46:01,798 [INFO] 日志目录: D:\py\file-share\logs
2026-04-02 09:46:01,798 [INFO] 使用端口: 8000
2026-04-02 09:46:01,799 [INFO] 使用外部前端: D:\py\file-share\frontend_dist
2026-04-02 09:46:01,799 [INFO] ============================================================
2026-04-02 09:46:01,799 [INFO] 启动信息:
2026-04-02 09:46:01,799 [INFO]   本地访问: http://localhost:8000
2026-04-02 09:46:01,799 [INFO]   本机IP:   http://192.168.1.13:8000
2026-04-02 09:46:01,799 [INFO]   管理页面: http://localhost:8000/docliu
2026-04-02 09:46:01,799 [INFO] ============================================================
2026-04-02 09:46:04,665 [INFO] 浏览器已自动打开
2026-04-02 09:57:17,045 [INFO] ============================================================
2026-04-02 09:57:17,046 [INFO] AuroraShare 启动中...
2026-04-02 09:57:17,046 [INFO] 程序目录: D:\py\file-share
2026-04-02 09:57:17,046 [INFO] 配置文件: D:\py\file-share\backend\config.json
2026-04-02 09:57:17,046 [INFO] 上传目录: D:\shared_file
2026-04-02 09:57:17,046 [INFO] 日志目录: D:\py\file-share\logs
2026-04-02 09:57:17,046 [INFO] 使用端口: 8000
2026-04-02 09:57:17,046 [INFO] 使用外部前端: D:\py\file-share\frontend_dist
2026-04-02 09:57:17,047 [INFO] ============================================================
2026-04-02 09:57:17,047 [INFO] 启动信息:
2026-04-02 09:57:17,047 [INFO]   本地访问: http://localhost:8000
2026-04-02 09:57:17,047 [INFO]   本机IP:   http://192.168.1.13:8000
2026-04-02 09:57:17,047 [INFO]   管理页面: http://localhost:8000/docliu
2026-04-02 09:57:17,047 [INFO] ============================================================
2026-04-02 10:00:39,666 [INFO] ============================================================
2026-04-02 10:00:39,667 [INFO] AuroraShare 启动中...
2026-04-02 10:00:39,667 [INFO] 程序目录: D:\py\file-share
2026-04-02 10:00:39,667 [INFO] 配置文件: D:\py\file-share\backend\config.json
2026-04-02 10:00:39,667 [INFO] 上传目录: D:\shared_file
2026-04-02 10:00:39,667 [INFO] 日志目录: D:\py\file-share\logs
2026-04-02 10:00:39,667 [INFO] 使用端口: 8000
2026-04-02 10:00:39,689 [INFO] 使用外部前端: D:\py\file-share\frontend_dist
2026-04-02 10:00:39,690 [INFO] ============================================================
2026-04-02 10:00:39,690 [INFO] 启动信息:
2026-04-02 10:00:39,690 [INFO]   本地访问: http://localhost:8000
2026-04-02 10:00:39,690 [INFO]   本机IP:   http://192.168.1.13:8000
2026-04-02 10:00:39,690 [INFO]   管理页面: http://localhost:8000/docliu
2026-04-02 10:00:39,690 [INFO] ============================================================
2026-04-02 10:12:14,922 [INFO] ============================================================
2026-04-02 10:12:14,923 [INFO] AuroraShare 启动中...
2026-04-02 10:12:14,923 [INFO] 程序目录: D:\py\file-share
2026-04-02 10:12:14,924 [INFO] 配置文件: D:\py\file-share\backend\config.json
2026-04-02 10:12:14,924 [INFO] 上传目录: D:\shared_file
2026-04-02 10:12:14,924 [INFO] 日志目录: D:\py\file-share\logs
2026-04-02 10:12:14,924 [INFO] 使用端口: 8000
2026-04-02 10:12:14,924 [INFO] 使用外部前端: D:\py\file-share\frontend_dist
2026-04-02 10:12:14,925 [INFO] ============================================================
2026-04-02 10:12:14,925 [INFO] 启动信息:
2026-04-02 10:12:14,925 [INFO]   本地访问: http://localhost:8000
2026-04-02 10:12:14,925 [INFO]   本机IP:   http://192.168.1.13:8000
2026-04-02 10:12:14,925 [INFO]   管理页面: http://localhost:8000/docliu
2026-04-02 10:12:14,925 [INFO] ============================================================
2026-04-02 10:28:17,389 [INFO] ============================================================
2026-04-02 10:28:17,390 [INFO] AuroraShare 启动中...
2026-04-02 10:28:17,390 [INFO] 程序目录: D:\py\file-share
2026-04-02 10:28:17,391 [INFO] 配置文件: D:\py\file-share\backend\config.json
2026-04-02 10:28:17,391 [INFO] 上传目录: D:\shared_file
2026-04-02 10:28:17,391 [INFO] 日志目录: D:\py\file-share\logs
2026-04-02 10:28:17,391 [INFO] 使用端口: 8000
2026-04-02 10:28:17,392 [INFO] 使用外部前端: D:\py\file-share\frontend_dist
2026-04-02 10:28:17,392 [INFO] ============================================================
2026-04-02 10:28:17,393 [INFO] 启动信息:
2026-04-02 10:28:17,393 [INFO]   本地访问: http://localhost:8000
2026-04-02 10:28:17,398 [INFO]   本机IP:   http://192.168.1.13:8000
2026-04-02 10:28:17,399 [INFO]   管理页面: http://localhost:8000/docliu
2026-04-02 10:28:17,399 [INFO] ============================================================
2026-04-02 10:36:19,515 [INFO] ============================================================
2026-04-02 10:36:19,515 [INFO] AuroraShare 启动中...
2026-04-02 10:36:19,516 [INFO] 程序目录: D:\py\file-share
2026-04-02 10:36:19,516 [INFO] 配置文件: D:\py\file-share\backend\config.json
2026-04-02 10:36:19,516 [INFO] 上传目录: D:\shared_file
2026-04-02 10:36:19,516 [INFO] 日志目录: D:\py\file-share\logs
2026-04-02 10:36:19,517 [INFO] 使用端口: 8001
2026-04-02 10:36:19,517 [INFO] 使用外部前端: D:\py\file-share\frontend_dist
2026-04-02 10:36:19,517 [INFO] ============================================================
2026-04-02 10:36:19,517 [INFO] 启动信息:
2026-04-02 10:36:19,518 [INFO]   本地访问: http://localhost:8001
2026-04-02 10:36:19,518 [INFO]   本机IP:   http://192.168.1.13:8001
2026-04-02 10:36:19,518 [INFO]   管理页面: http://localhost:8001/docliu
2026-04-02 10:36:19,518 [INFO] ============================================================
2026-04-02 10:36:47,920 [INFO] ============================================================
2026-04-02 10:36:47,922 [INFO] AuroraShare 启动中...
2026-04-02 10:36:47,922 [INFO] 程序目录: D:\py\file-share
2026-04-02 10:36:47,923 [INFO] 配置文件: D:\py\file-share\backend\config.json
2026-04-02 10:36:47,923 [INFO] 上传目录: D:\shared_file
2026-04-02 10:36:47,923 [INFO] 日志目录: D:\py\file-share\logs
2026-04-02 10:36:47,923 [INFO] 使用端口: 8000
2026-04-02 10:36:47,924 [INFO] 使用外部前端: D:\py\file-share\frontend_dist
2026-04-02 10:36:47,930 [INFO] ============================================================
2026-04-02 10:36:47,931 [INFO] 启动信息:
2026-04-02 10:36:47,932 [INFO]   本地访问: http://localhost:8000
2026-04-02 10:36:47,932 [INFO]   本机IP:   http://192.168.1.13:8000
2026-04-02 10:36:47,933 [INFO]   管理页面: http://localhost:8000/docliu
2026-04-02 10:36:47,933 [INFO] ============================================================
2026-04-02 10:48:12,482 [INFO] ============================================================
2026-04-02 10:48:12,482 [INFO] AuroraShare 启动中...
2026-04-02 10:48:12,482 [INFO] 程序目录: D:\py\file-share
2026-04-02 10:48:12,482 [INFO] 配置文件: D:\py\file-share\backend\config.json
2026-04-02 10:48:12,483 [INFO] 上传目录: D:\shared_file
2026-04-02 10:48:12,483 [INFO] 日志目录: D:\py\file-share\logs
2026-04-02 10:48:12,483 [INFO] 使用端口: 8000
2026-04-02 10:48:12,483 [INFO] 使用外部前端: D:\py\file-share\frontend_dist
2026-04-02 10:48:12,484 [INFO] ============================================================
2026-04-02 10:48:12,484 [INFO] 启动信息:
2026-04-02 10:48:12,484 [INFO]   本地访问: http://localhost:8000
2026-04-02 10:48:12,484 [INFO]   本机IP:   http://192.168.1.13:8000
2026-04-02 10:48:12,484 [INFO]   管理页面: http://localhost:8000/docliu
2026-04-02 10:48:12,485 [INFO] ============================================================
2026-04-02 10:51:50,304 [INFO] ============================================================
2026-04-02 10:51:50,305 [INFO] AuroraShare 启动中...
2026-04-02 10:51:50,305 [INFO] 程序目录: D:\py\file-share
2026-04-02 10:51:50,305 [INFO] 配置文件: D:\py\file-share\backend\config.json
2026-04-02 10:51:50,306 [INFO] 上传目录: D:\shared_file
2026-04-02 10:51:50,306 [INFO] 日志目录: D:\py\file-share\logs
2026-04-02 10:51:50,306 [INFO] 使用端口: 8000
2026-04-02 10:51:50,307 [INFO] 使用外部前端: D:\py\file-share\frontend_dist
2026-04-02 10:51:50,307 [INFO] ============================================================
2026-04-02 10:51:50,307 [INFO] 启动信息:
2026-04-02 10:51:50,308 [INFO]   本地访问: http://localhost:8000
2026-04-02 10:51:50,308 [INFO]   本机IP:   http://192.168.1.13:8000
2026-04-02 10:51:50,308 [INFO]   管理页面: http://localhost:8000/docliu
2026-04-02 10:51:50,308 [INFO] ============================================================
2026-04-02 10:54:31,191 [INFO] ============================================================
2026-04-02 10:54:31,191 [INFO] AuroraShare 启动中...
2026-04-02 10:54:31,191 [INFO] 程序目录: D:\py\file-share
2026-04-02 10:54:31,191 [INFO] 配置文件: D:\py\file-share\backend\config.json
2026-04-02 10:54:31,192 [INFO] 上传目录: D:\shared_file
2026-04-02 10:54:31,192 [INFO] 日志目录: D:\py\file-share\logs
2026-04-02 10:54:31,192 [INFO] 使用端口: 8001
2026-04-02 10:54:31,192 [INFO] 使用外部前端: D:\py\file-share\frontend_dist
2026-04-02 10:54:31,193 [INFO] ============================================================
2026-04-02 10:54:31,193 [INFO] 启动信息:
2026-04-02 10:54:31,193 [INFO]   本地访问: http://localhost:8001
2026-04-02 10:54:31,194 [INFO]   本机IP:   http://192.168.1.13:8001
2026-04-02 10:54:31,194 [INFO]   管理页面: http://localhost:8001/docliu
2026-04-02 10:54:31,194 [INFO] ============================================================
2026-04-02 10:58:05,218 [INFO] ============================================================
2026-04-02 10:58:05,219 [INFO] AuroraShare 启动中...
2026-04-02 10:58:05,219 [INFO] 程序目录: D:\py\file-share
2026-04-02 10:58:05,219 [INFO] 配置文件: D:\py\file-share\backend\config.json
2026-04-02 10:58:05,220 [INFO] 上传目录: D:\shared_file
2026-04-02 10:58:05,220 [INFO] 日志目录: D:\py\file-share\logs
2026-04-02 10:58:05,220 [INFO] 使用端口: 8001
2026-04-02 10:58:05,220 [INFO] 使用外部前端: D:\py\file-share\frontend_dist
2026-04-02 10:58:05,221 [INFO] ============================================================
2026-04-02 10:58:05,221 [INFO] 启动信息:
2026-04-02 10:58:05,221 [INFO]   本地访问: http://localhost:8001
2026-04-02 10:58:05,222 [INFO]   本机IP:   http://192.168.1.13:8001
2026-04-02 10:58:05,222 [INFO]   管理页面: http://localhost:8001/docliu
2026-04-02 10:58:05,222 [INFO] ============================================================
2026-04-02 10:59:46,824 [INFO] ============================================================
2026-04-02 10:59:46,824 [INFO] AuroraShare 启动中...
2026-04-02 10:59:46,825 [INFO] 程序目录: D:\py\file-share
2026-04-02 10:59:46,825 [INFO] 配置文件: D:\py\file-share\backend\config.json
2026-04-02 10:59:46,825 [INFO] 上传目录: D:\shared_file
2026-04-02 10:59:46,825 [INFO] 日志目录: D:\py\file-share\logs
2026-04-02 10:59:46,825 [INFO] 使用端口: 8002
2026-04-02 10:59:46,826 [INFO] 使用外部前端: D:\py\file-share\frontend_dist
2026-04-02 10:59:46,826 [INFO] ============================================================
2026-04-02 10:59:46,827 [INFO] 启动信息:
2026-04-02 10:59:46,828 [INFO]   本地访问: http://localhost:8002
2026-04-02 10:59:46,828 [INFO]   本机IP:   http://192.168.1.13:8002
2026-04-02 10:59:46,829 [INFO]   管理页面: http://localhost:8002/docliu
2026-04-02 10:59:46,829 [INFO] ============================================================
2026-04-02 11:02:29,496 [INFO] ============================================================
2026-04-02 11:02:29,496 [INFO] AuroraShare 启动中...
2026-04-02 11:02:29,497 [INFO] 程序目录: D:\py\file-share
2026-04-02 11:02:29,497 [INFO] 配置文件: D:\py\file-share\backend\config.json
2026-04-02 11:02:29,497 [INFO] 上传目录: D:\shared_file
2026-04-02 11:02:29,497 [INFO] 日志目录: D:\py\file-share\logs
2026-04-02 11:02:29,497 [INFO] 使用端口: 8002
2026-04-02 11:02:29,499 [INFO] 使用外部前端: D:\py\file-share\frontend_dist
2026-04-02 11:02:29,499 [INFO] ============================================================
2026-04-02 11:02:29,499 [INFO] 启动信息:
2026-04-02 11:02:29,499 [INFO]   本地访问: http://localhost:8002
2026-04-02 11:02:29,500 [INFO]   本机IP:   http://192.168.1.13:8002
2026-04-02 11:02:29,500 [INFO]   管理页面: http://localhost:8002/docliu
2026-04-02 11:02:29,500 [INFO] ============================================================
2026-04-02 11:02:47,049 [INFO] ============================================================
2026-04-02 11:02:47,050 [INFO] AuroraShare 启动中...
2026-04-02 11:02:47,050 [INFO] 程序目录: D:\py\file-share
2026-04-02 11:02:47,050 [INFO] 配置文件: D:\py\file-share\backend\config.json
2026-04-02 11:02:47,050 [INFO] 上传目录: D:\shared_file
2026-04-02 11:02:47,050 [INFO] 日志目录: D:\py\file-share\logs
2026-04-02 11:02:47,050 [INFO] 使用端口: 8000
2026-04-02 11:02:47,050 [INFO] 使用外部前端: D:\py\file-share\frontend_dist
2026-04-02 11:02:47,051 [INFO] ============================================================
2026-04-02 11:02:47,051 [INFO] 启动信息:
2026-04-02 11:02:47,051 [INFO]   本地访问: http://localhost:8000
2026-04-02 11:02:47,051 [INFO]   本机IP:   http://192.168.1.13:8000
2026-04-02 11:02:47,051 [INFO]   管理页面: http://localhost:8000/docliu
2026-04-02 11:02:47,051 [INFO] ============================================================
2026-04-02 11:09:02,846 [INFO] ============================================================
2026-04-02 11:09:02,846 [INFO] AuroraShare 启动中...
2026-04-02 11:09:02,847 [INFO] 程序目录: D:\py\file-share
2026-04-02 11:09:02,847 [INFO] 配置文件: D:\py\file-share\backend\config.json
2026-04-02 11:09:02,847 [INFO] 上传目录: D:\shared_file
2026-04-02 11:09:02,847 [INFO] 日志目录: D:\py\file-share\logs
2026-04-02 11:09:02,847 [INFO] 使用端口: 8000
2026-04-02 11:09:02,847 [INFO] 使用外部前端: D:\py\file-share\frontend_dist
2026-04-02 11:09:02,847 [INFO] ============================================================
2026-04-02 11:09:02,847 [INFO] 启动信息:
2026-04-02 11:09:02,848 [INFO]   本地访问: http://localhost:8000
2026-04-02 11:09:02,848 [INFO]   本机IP:   http://192.168.1.13:8000
2026-04-02 11:09:02,848 [INFO]   管理页面: http://localhost:8000/docliu
2026-04-02 11:09:02,848 [INFO] ============================================================
2026-04-02 11:09:39,777 [INFO] ============================================================
2026-04-02 11:09:39,780 [INFO] AuroraShare 启动中...
2026-04-02 11:09:39,780 [INFO] 程序目录: D:\py\file-share
2026-04-02 11:09:39,781 [INFO] 配置文件: D:\py\file-share\backend\config.json
2026-04-02 11:09:39,781 [INFO] 上传目录: D:\shared_file
2026-04-02 11:09:39,781 [INFO] 日志目录: D:\py\file-share\logs
2026-04-02 11:09:39,781 [INFO] 使用端口: 8000
2026-04-02 11:09:39,782 [INFO] 使用外部前端: D:\py\file-share\frontend_dist
2026-04-02 11:09:39,782 [INFO] ============================================================
2026-04-02 11:09:39,782 [INFO] 启动信息:
2026-04-02 11:09:39,782 [INFO]   本地访问: http://localhost:8000
2026-04-02 11:09:39,782 [INFO]   本机IP:   http://192.168.1.13:8000
2026-04-02 11:09:39,782 [INFO]   管理页面: http://localhost:8000/docliu
2026-04-02 11:09:39,782 [INFO] ============================================================
